2020-04-01 18:07:18 = INFO - [settings.py] BASE_DIR set to /home/ryan/Desktop/SFU/CSSS_Site/csss-site/csss-site/src
2020-04-01 18:07:18 = INFO - [settings.py] DEBUG set to True
2020-04-01 18:07:18 = INFO - [settings.py] HOST_ADDRESS set to *
2020-04-01 18:07:18 = INFO - [settings.py] ALLOWED_HOSTS set to ['*']
2020-04-01 18:07:18 = INFO - [settings.py] ROOT_DIR set to /home/ryan/Desktop/SFU/CSSS_Site/csss-site
2020-04-01 18:07:18 = INFO - [settings.py] STATIC_URL set to /STATIC_URL/
2020-04-01 18:07:18 = INFO - [settings.py] STATIC_ROOT set to /home/ryan/Desktop/SFU/CSSS_Site/csss-site/csss-site/src/static_root/
2020-04-01 18:07:18 = INFO - [settings.py] MEDIA_URL set to /MEDIA_URL/
2020-04-01 18:07:18 = INFO - [settings.py] MEDIA_ROOT set to /home/ryan/Desktop/SFU/CSSS_Site/csss-site/csss-site/src/media_root/
2020-04-01 18:07:18 = INFO - [settings.py] FILE_FORM_MASTER_DIR set to form_uploads/form_uploads/
2020-04-01 18:07:18 = INFO - [settings.py] FILE_FORM_UPLOAD_DIR set to form_uploads/form_uploads/temporary_files/
2020-04-01 18:07:18 = INFO - [settings.py] DJANGO_MAILBOX_ATTACHMENT_UPLOAD_TO set to mailbox_attachments/%Y/%m/%d/
2020-04-01 18:07:18 = WARNING - Watching for file changes with StatReloader

2020-04-01 18:07:18 = INFO - Performing system checks...


2020-04-01 18:07:18 = INFO - System check identified no issues (0 silenced).

2020-04-01 18:07:18 = INFO - April 01, 2020 - 18:07:18

2020-04-01 18:07:18 = INFO - Django version 2.2.10, using settings 'csss.settings'
Starting development server at http://0.0.0.0:8000/
Quit the server with CONTROL-C.

2020-04-01 18:07:23 = WARNING - /home/ryan/Desktop/SFU/CSSS_Site/csss-site/csss-site/src/documents/views.py changed, reloading.

