2020-04-01 14:05:32 = INFO - [settings.py] BASE_DIR set to /home/ryan/Desktop/SFU/CSSS_Site/csss-site/csss-site/src
2020-04-01 14:05:32 = INFO - [settings.py] DEBUG set to True
2020-04-01 14:05:32 = INFO - [settings.py] HOST_ADDRESS set to *
2020-04-01 14:05:32 = INFO - [settings.py] ALLOWED_HOSTS set to ['*']
2020-04-01 14:05:32 = INFO - [settings.py] ROOT_DIR set to /home/ryan/Desktop/SFU/CSSS_Site/csss-site
2020-04-01 14:05:32 = INFO - [settings.py] STATIC_URL set to /STATIC_URL/
2020-04-01 14:05:32 = INFO - [settings.py] STATIC_ROOT set to /home/ryan/Desktop/SFU/CSSS_Site/csss-site/csss-site/src/static_root/
2020-04-01 14:05:32 = INFO - [settings.py] MEDIA_URL set to /MEDIA_URL/
2020-04-01 14:05:32 = INFO - [settings.py] MEDIA_ROOT set to /home/ryan/Desktop/SFU/CSSS_Site/csss-site/csss-site/src/media_root/
2020-04-01 14:05:32 = INFO - [settings.py] FILE_FORM_MASTER_DIR set to form_uploads/form_uploads/
2020-04-01 14:05:32 = INFO - [settings.py] FILE_FORM_UPLOAD_DIR set to form_uploads/form_uploads/temporary_files/
2020-04-01 14:05:32 = INFO - [settings.py] DJANGO_MAILBOX_ATTACHMENT_UPLOAD_TO set to mailbox_attachments/%Y/%m/%d/
2020-04-01 14:05:32 = WARNING - Watching for file changes with StatReloader

2020-04-01 14:05:32 = INFO - Performing system checks...


2020-04-01 14:05:33 = INFO - System check identified no issues (0 silenced).

2020-04-01 14:05:33 = INFO - April 01, 2020 - 14:05:33

2020-04-01 14:05:33 = INFO - Django version 2.2.10, using settings 'csss.settings'
Starting development server at http://0.0.0.0:8000/
Quit the server with CONTROL-C.

2020-04-01 14:05:59 = WARNING - Not Found: /about

2020-04-01 14:05:59 = WARNING - [01/Apr/2020 14:05:59] "GET /about HTTP/1.1" 404 3105

2020-04-01 14:06:03 = WARNING - [01/Apr/2020 14:06:03] "GET /about/who_we_are HTTP/1.1" 200 12126

2020-04-01 14:06:07 = WARNING - [01/Apr/2020 14:06:07] "GET /about/who_we_are HTTP/1.1" 200 12126

2020-04-01 14:06:23 = WARNING - [01/Apr/2020 14:06:23] "GET /about/who_we_are HTTP/1.1" 200 12124

2020-04-01 14:06:39 = WARNING - [01/Apr/2020 14:06:39] "GET /about/who_we_are HTTP/1.1" 200 12132

2020-04-01 14:06:43 = WARNING - [01/Apr/2020 14:06:43] "GET /about/list_of_officers HTTP/1.1" 200 10974

2020-04-01 14:06:43 = WARNING - [01/Apr/2020 14:06:43] "GET /STATIC_URL/https%3A/imgur.com/RRyVWi7 HTTP/1.1" 404 1704

2020-04-01 14:10:41 = WARNING - [01/Apr/2020 14:10:41] "GET /about/list_of_officers HTTP/1.1" 200 10961

2020-04-01 14:11:23 = WARNING - [01/Apr/2020 14:11:23] "GET /about/list_of_officers HTTP/1.1" 200 10955

2020-04-01 14:11:28 = INFO - [csss/views.py index()] sfu_emails []
2020-04-01 14:11:28 = WARNING - [01/Apr/2020 14:11:28] "GET / HTTP/1.1" 200 12444

2020-04-01 14:12:45 = WARNING - [01/Apr/2020 14:12:45] "GET /about/list_of_officers HTTP/1.1" 200 10946

2020-04-01 14:12:45 = WARNING - Not Found: /about/images.jpg

2020-04-01 14:12:45 = WARNING - [01/Apr/2020 14:12:45] "GET /about/images.jpg HTTP/1.1" 404 3976

2020-04-01 14:12:50 = WARNING - [01/Apr/2020 14:12:50] "GET /about/list_of_officers HTTP/1.1" 200 10946

2020-04-01 14:12:50 = WARNING - [01/Apr/2020 14:12:50] "GET /STATIC_URL/csss_static/style.css HTTP/1.1" 200 1333

2020-04-01 14:12:51 = WARNING - [01/Apr/2020 14:12:50] "GET /STATIC_URL/csss_static/logo.png HTTP/1.1" 200 20211

2020-04-01 14:12:51 = WARNING - Not Found: /about/images.jpg

2020-04-01 14:12:51 = WARNING - [01/Apr/2020 14:12:51] "GET /about/images.jpg HTTP/1.1" 404 3976

2020-04-01 14:12:51 = WARNING - Not Found: /favicon.ico

2020-04-01 14:12:51 = WARNING - [01/Apr/2020 14:12:51] "GET /favicon.ico HTTP/1.1" 404 3123

2020-04-01 14:13:13 = WARNING - [01/Apr/2020 14:13:13] "GET /about/list_of_officers HTTP/1.1" 200 10926

2020-04-01 14:13:13 = WARNING - Not Found: /about/images.jpg

2020-04-01 14:13:13 = WARNING - [01/Apr/2020 14:13:13] "GET /about/images.jpg HTTP/1.1" 404 3976

2020-04-01 14:13:28 = WARNING - [01/Apr/2020 14:13:28] "GET /about/list_of_officers HTTP/1.1" 200 10932

2020-04-01 14:13:28 = WARNING - Not Found: /about/images.jpg

2020-04-01 14:13:28 = WARNING - [01/Apr/2020 14:13:28] "GET /about/images.jpg HTTP/1.1" 404 3976

2020-04-01 14:13:48 = WARNING - [01/Apr/2020 14:13:48] "GET /about/list_of_officers HTTP/1.1" 200 10926

2020-04-01 14:13:48 = WARNING - Not Found: /about/images.jpg

2020-04-01 14:13:48 = WARNING - [01/Apr/2020 14:13:48] "GET /about/images.jpg HTTP/1.1" 404 3976

2020-04-01 14:13:49 = WARNING - [01/Apr/2020 14:13:49] "GET /about/who_we_are HTTP/1.1" 200 12070

2020-04-01 14:13:49 = WARNING - Not Found: /about/images.jpg

2020-04-01 14:13:49 = WARNING - [01/Apr/2020 14:13:49] "GET /about/images.jpg HTTP/1.1" 404 3976

2020-04-01 14:14:01 = WARNING - [01/Apr/2020 14:14:01] "GET /about/who_we_are HTTP/1.1" 200 12072

2020-04-01 14:14:01 = WARNING - Not Found: /about/images.jpg

2020-04-01 14:14:01 = WARNING - [01/Apr/2020 14:14:01] "GET /about/images.jpg HTTP/1.1" 404 3976

2020-04-01 14:14:02 = WARNING - [01/Apr/2020 14:14:02] "GET /about/who_we_are HTTP/1.1" 200 12072

2020-04-01 14:14:02 = WARNING - Not Found: /about/images.jpg

2020-04-01 14:14:02 = WARNING - [01/Apr/2020 14:14:02] "GET /about/images.jpg HTTP/1.1" 404 3976

2020-04-01 14:14:16 = WARNING - [01/Apr/2020 14:14:16] "GET /about/who_we_are HTTP/1.1" 200 12071

2020-04-01 14:15:10 = WARNING - [01/Apr/2020 14:15:10] "GET /about/who_we_are HTTP/1.1" 200 12071

2020-04-01 14:15:10 = WARNING - Not Found: /about/images.jpg

2020-04-01 14:15:10 = WARNING - [01/Apr/2020 14:15:10] "GET /about/images.jpg HTTP/1.1" 404 3976

2020-04-01 14:15:44 = WARNING - [01/Apr/2020 14:15:44] "GET /about/who_we_are HTTP/1.1" 200 12071

2020-04-01 14:15:45 = WARNING - Not Found: /about/images.jpg

2020-04-01 14:15:45 = WARNING - [01/Apr/2020 14:15:45] "GET /about/images.jpg HTTP/1.1" 404 3976

2020-04-01 14:15:45 = WARNING - [01/Apr/2020 14:15:45] "GET /about/who_we_are HTTP/1.1" 200 12071

2020-04-01 14:15:45 = WARNING - Not Found: /about/images.jpg

2020-04-01 14:15:45 = WARNING - [01/Apr/2020 14:15:45] "GET /about/images.jpg HTTP/1.1" 404 3976

2020-04-01 14:15:46 = WARNING - [01/Apr/2020 14:15:46] "GET /about/who_we_are HTTP/1.1" 200 12071

2020-04-01 14:15:46 = WARNING - Not Found: /about/images.jpg

2020-04-01 14:15:46 = WARNING - [01/Apr/2020 14:15:46] "GET /about/images.jpg HTTP/1.1" 404 3976

2020-04-01 14:15:46 = WARNING - [01/Apr/2020 14:15:46] "GET /about/who_we_are HTTP/1.1" 200 12071

2020-04-01 14:15:46 = WARNING - Not Found: /about/images.jpg

2020-04-01 14:15:46 = WARNING - [01/Apr/2020 14:15:46] "GET /about/images.jpg HTTP/1.1" 404 3976

2020-04-01 14:17:38 = WARNING - [01/Apr/2020 14:17:38] "GET /about/who_we_are HTTP/1.1" 200 12044

2020-04-01 14:17:41 = WARNING - Internal Server Error: /about/list_of_officers
Traceback (most recent call last):
  File "/home/ryan/.local/lib/python3.7/site-packages/django/core/handlers/exception.py", line 34, in inner
    response = get_response(request)
  File "/home/ryan/.local/lib/python3.7/site-packages/django/core/handlers/base.py", line 115, in _get_response
    response = self.process_exception_by_middleware(e, request)
  File "/home/ryan/.local/lib/python3.7/site-packages/django/core/handlers/base.py", line 113, in _get_response
    response = wrapped_callback(request, *callback_args, **callback_kwargs)
  File "/home/ryan/Desktop/SFU/CSSS_Site/csss-site/csss-site/src/about/views.py", line 50, in list_of_officers
    return render(request, 'about/list_of_officers.html', context)
  File "/home/ryan/.local/lib/python3.7/site-packages/django/shortcuts.py", line 36, in render
    content = loader.render_to_string(template_name, context, request, using=using)
  File "/home/ryan/.local/lib/python3.7/site-packages/django/template/loader.py", line 61, in render_to_string
    template = get_template(template_name, using=using)
  File "/home/ryan/.local/lib/python3.7/site-packages/django/template/loader.py", line 15, in get_template
    return engine.get_template(template_name)
  File "/home/ryan/.local/lib/python3.7/site-packages/django/template/backends/django.py", line 34, in get_template
    return Template(self.engine.get_template(template_name), self)
  File "/home/ryan/.local/lib/python3.7/site-packages/django/template/engine.py", line 143, in get_template
    template, origin = self.find_template(template_name)
  File "/home/ryan/.local/lib/python3.7/site-packages/django/template/engine.py", line 125, in find_template
    template = loader.get_template(name, skip=skip)
  File "/home/ryan/.local/lib/python3.7/site-packages/django/template/loaders/base.py", line 30, in get_template
    contents, origin, origin.template_name, self.engine,
  File "/home/ryan/.local/lib/python3.7/site-packages/django/template/base.py", line 156, in __init__
    self.nodelist = self.compile_nodelist()
  File "/home/ryan/.local/lib/python3.7/site-packages/django/template/base.py", line 194, in compile_nodelist
    return parser.parse()
  File "/home/ryan/.local/lib/python3.7/site-packages/django/template/base.py", line 478, in parse
    raise self.error(token, e)
  File "/home/ryan/.local/lib/python3.7/site-packages/django/template/base.py", line 476, in parse
    compiled_result = compile_func(self, token)
  File "/home/ryan/.local/lib/python3.7/site-packages/django/template/loader_tags.py", line 266, in do_extends
    nodelist = parser.parse()
  File "/home/ryan/.local/lib/python3.7/site-packages/django/template/base.py", line 478, in parse
    raise self.error(token, e)
  File "/home/ryan/.local/lib/python3.7/site-packages/django/template/base.py", line 476, in parse
    compiled_result = compile_func(self, token)
  File "/home/ryan/.local/lib/python3.7/site-packages/django/template/loader_tags.py", line 209, in do_block
    nodelist = parser.parse(('endblock',))
  File "/home/ryan/.local/lib/python3.7/site-packages/django/template/base.py", line 478, in parse
    raise self.error(token, e)
  File "/home/ryan/.local/lib/python3.7/site-packages/django/template/base.py", line 476, in parse
    compiled_result = compile_func(self, token)
  File "/home/ryan/.local/lib/python3.7/site-packages/django/template/defaulttags.py", line 811, in do_for
    nodelist_loop = parser.parse(('empty', 'endfor',))
  File "/home/ryan/.local/lib/python3.7/site-packages/django/template/base.py", line 478, in parse
    raise self.error(token, e)
  File "/home/ryan/.local/lib/python3.7/site-packages/django/template/base.py", line 476, in parse
    compiled_result = compile_func(self, token)
  File "/home/ryan/.local/lib/python3.7/site-packages/django/template/defaulttags.py", line 811, in do_for
    nodelist_loop = parser.parse(('empty', 'endfor',))
  File "/home/ryan/.local/lib/python3.7/site-packages/django/template/base.py", line 478, in parse
    raise self.error(token, e)
  File "/home/ryan/.local/lib/python3.7/site-packages/django/template/base.py", line 476, in parse
    compiled_result = compile_func(self, token)
  File "/home/ryan/.local/lib/python3.7/site-packages/django/template/defaulttags.py", line 952, in do_if
    nodelist = parser.parse(('elif', 'else', 'endif'))
  File "/home/ryan/.local/lib/python3.7/site-packages/django/template/base.py", line 478, in parse
    raise self.error(token, e)
  File "/home/ryan/.local/lib/python3.7/site-packages/django/template/base.py", line 476, in parse
    compiled_result = compile_func(self, token)
  File "/home/ryan/.local/lib/python3.7/site-packages/django/contrib/staticfiles/templatetags/staticfiles.py", line 28, in do_static
    return _do_static(parser, token)
  File "/home/ryan/.local/lib/python3.7/site-packages/django/templatetags/static.py", line 159, in do_static
    return StaticNode.handle_token(parser, token)
  File "/home/ryan/.local/lib/python3.7/site-packages/django/templatetags/static.py", line 133, in handle_token
    path = parser.compile_filter(bits[1])
  File "/home/ryan/.local/lib/python3.7/site-packages/django/template/base.py", line 563, in compile_filter
    return FilterExpression(token, self)
  File "/home/ryan/.local/lib/python3.7/site-packages/django/template/base.py", line 663, in __init__
    "from '%s'" % (token[upto:], token))
django.template.exceptions.TemplateSyntaxError: Could not parse the remainder: '/images.jpg' from 'csss_static/images.jpg'

2020-04-01 14:17:41 = WARNING - [01/Apr/2020 14:17:41] "GET /about/list_of_officers HTTP/1.1" 500 241860

