2020-04-01 21:19:00 = INFO - [settings.py] BASE_DIR set to /home/ryan/Desktop/SFU/CSSS_Site/csss-site/csss-site/src
2020-04-01 21:19:00 = INFO - [settings.py] DEBUG set to True
2020-04-01 21:19:00 = INFO - [settings.py] HOST_ADDRESS set to *
2020-04-01 21:19:00 = INFO - [settings.py] ALLOWED_HOSTS set to ['*']
2020-04-01 21:19:00 = INFO - [settings.py] ROOT_DIR set to /home/ryan/Desktop/SFU/CSSS_Site/csss-site
2020-04-01 21:19:00 = INFO - [settings.py] STATIC_URL set to /STATIC_URL/
2020-04-01 21:19:00 = INFO - [settings.py] STATIC_ROOT set to /home/ryan/Desktop/SFU/CSSS_Site/csss-site/csss-site/src/static_root/
2020-04-01 21:19:00 = INFO - [settings.py] MEDIA_URL set to /MEDIA_URL/
2020-04-01 21:19:00 = INFO - [settings.py] MEDIA_ROOT set to /home/ryan/Desktop/SFU/CSSS_Site/csss-site/csss-site/src/media_root/
2020-04-01 21:19:00 = INFO - [settings.py] FILE_FORM_MASTER_DIR set to form_uploads/form_uploads/
2020-04-01 21:19:00 = INFO - [settings.py] FILE_FORM_UPLOAD_DIR set to form_uploads/form_uploads/temporary_files/
2020-04-01 21:19:00 = INFO - [settings.py] DJANGO_MAILBOX_ATTACHMENT_UPLOAD_TO set to mailbox_attachments/%Y/%m/%d/
2020-04-01 21:19:00 = INFO - [settings.py] BASE_DIR set to /home/ryan/Desktop/SFU/CSSS_Site/csss-site/csss-site/src
2020-04-01 21:19:00 = INFO - [settings.py] DEBUG set to True
2020-04-01 21:19:00 = INFO - [settings.py] HOST_ADDRESS set to *
2020-04-01 21:19:00 = INFO - [settings.py] ALLOWED_HOSTS set to ['*']
2020-04-01 21:19:00 = INFO - [settings.py] ROOT_DIR set to /home/ryan/Desktop/SFU/CSSS_Site/csss-site
2020-04-01 21:19:00 = INFO - [settings.py] STATIC_URL set to /STATIC_URL/
2020-04-01 21:19:00 = INFO - [settings.py] STATIC_ROOT set to /home/ryan/Desktop/SFU/CSSS_Site/csss-site/csss-site/src/static_root/
2020-04-01 21:19:00 = INFO - [settings.py] MEDIA_URL set to /MEDIA_URL/
2020-04-01 21:19:00 = INFO - [settings.py] MEDIA_ROOT set to /home/ryan/Desktop/SFU/CSSS_Site/csss-site/csss-site/src/media_root/
2020-04-01 21:19:00 = INFO - [settings.py] FILE_FORM_MASTER_DIR set to form_uploads/form_uploads/
2020-04-01 21:19:00 = INFO - [settings.py] FILE_FORM_UPLOAD_DIR set to form_uploads/form_uploads/temporary_files/
2020-04-01 21:19:00 = INFO - [settings.py] DJANGO_MAILBOX_ATTACHMENT_UPLOAD_TO set to mailbox_attachments/%Y/%m/%d/
2020-04-01 21:19:00 = WARNING - Watching for file changes with StatReloader

2020-04-01 21:19:00 = INFO - Performing system checks...


2020-04-01 21:19:01 = INFO - System check identified no issues (0 silenced).

2020-04-01 21:19:01 = INFO - April 01, 2020 - 21:19:01

2020-04-01 21:19:01 = INFO - Django version 2.2.10, using settings 'csss.settings'
Starting development server at http://127.0.0.1:8000/
Quit the server with CONTROL-C.

2020-04-01 21:19:05 = INFO - [csss/views.py index()] sfu_emails []
2020-04-01 21:19:05 = WARNING - [01/Apr/2020 21:19:05] "GET / HTTP/1.1" 200 10875

2020-04-01 21:19:12 = WARNING - [01/Apr/2020 21:19:12] "GET /about/list_of_officers HTTP/1.1" 200 13416

2020-04-01 21:19:12 = WARNING - [01/Apr/2020 21:19:12] "GET /STATIC_URL/NA HTTP/1.1" 404 1638

2020-04-01 21:19:12 = WARNING - [01/Apr/2020 21:19:12] "GET /STATIC_URL/https%3A/imgur.com/RRyVWi7 HTTP/1.1" 404 1704

2020-04-01 21:19:24 = WARNING - [01/Apr/2020 21:19:24] "GET /events/ HTTP/1.1" 200 9856

2020-04-01 21:19:44 = INFO - [csss/views.py index()] sfu_emails []
2020-04-01 21:19:44 = WARNING - [01/Apr/2020 21:19:44] "GET / HTTP/1.1" 200 10875

