2020-04-01 02:23:18 = INFO - [settings.py] BASE_DIR set to /home/ryan/Desktop/SFU/CSSS_Site/csss-site/csss-site/src
2020-04-01 02:23:18 = INFO - [settings.py] DEBUG set to True
2020-04-01 02:23:18 = INFO - [settings.py] HOST_ADDRESS set to *
2020-04-01 02:23:18 = INFO - [settings.py] ALLOWED_HOSTS set to ['*']
2020-04-01 02:23:18 = INFO - [settings.py] ROOT_DIR set to /home/ryan/Desktop/SFU/CSSS_Site/csss-site
2020-04-01 02:23:18 = INFO - [settings.py] STATIC_URL set to /STATIC_URL/
2020-04-01 02:23:18 = INFO - [settings.py] STATIC_ROOT set to /home/ryan/Desktop/SFU/CSSS_Site/csss-site/csss-site/src/static_root/
2020-04-01 02:23:18 = INFO - [settings.py] MEDIA_URL set to /MEDIA_URL/
2020-04-01 02:23:18 = INFO - [settings.py] MEDIA_ROOT set to /home/ryan/Desktop/SFU/CSSS_Site/csss-site/csss-site/src/media_root/
2020-04-01 02:23:18 = INFO - [settings.py] FILE_FORM_MASTER_DIR set to form_uploads/form_uploads/
2020-04-01 02:23:18 = INFO - [settings.py] FILE_FORM_UPLOAD_DIR set to form_uploads/form_uploads/temporary_files/
2020-04-01 02:23:18 = INFO - [settings.py] DJANGO_MAILBOX_ATTACHMENT_UPLOAD_TO set to mailbox_attachments/%Y/%m/%d/
2020-04-01 02:23:18 = WARNING - Watching for file changes with StatReloader

2020-04-01 02:23:18 = INFO - Performing system checks...


2020-04-01 02:23:18 = INFO - System check identified no issues (0 silenced).

2020-04-01 02:23:18 = INFO - April 01, 2020 - 02:23:18

2020-04-01 02:23:18 = INFO - Django version 2.2.10, using settings 'csss.settings'
Starting development server at http://0.0.0.0:8000/
Quit the server with CONTROL-C.

2020-04-01 02:23:20 = INFO - [csss/views.py index()] sfu_emails []
2020-04-01 02:23:20 = INFO - General Meeting Announcement: Friday 3rd
2020-04-01 02:23:20 = INFO - Hello CSSS Members,
 
The CSSS will be holding the final meeting of the semester on Friday the 3rd.

This meeting will proceed differently due to the current social distancing measures instituted.

This meeting will take place online on the CSSS Discord(https://discord.gg/Eg5Urnr)  in the General Meetings Voice Channel.
 
Location Details:
Day: April 3rd, 2020
Time: 4:00pm-5:00pm
Location: Online on the CSSS Discord in the #General_Meetings Voice Channel
 
The following is the Agenda:
- Report of Officers
- Announcements
- Election of Elections Officer
- Appointment of a WiCS Liaison
- Open Floor
- Approval of Minutes

You are automatically a member of the CSSS if:
 
    A declared CMPT Major, Minor, or Honours in any program of study offered at the undergraduate level by the School of Computing Science;
    or currently enrolled in any undergraduate course offered by the School of Computing Science; or are an Honorary Member of the Society
 
 Voting restricted to Members only.
 
See everyone at the meeting!
 
From,
Dusan Kovacevic
CSSS |Director of Archives
2020-04-01 02:23:20 = INFO - Test Post
2020-04-01 02:23:20 = INFO - Hello everyone! This is a test post!
2020-04-01 02:23:20 = WARNING - [01/Apr/2020 02:23:20] "GET / HTTP/1.1" 200 9521

2020-04-01 02:23:31 = WARNING - /home/ryan/Desktop/SFU/CSSS_Site/csss-site/csss-site/src/csss/views.py changed, reloading.

