2020-04-01 19:20:05 = INFO - [settings.py] BASE_DIR set to /home/ryan/Desktop/SFU/CSSS_Site/csss-site/csss-site/src
2020-04-01 19:20:05 = INFO - [settings.py] DEBUG set to True
2020-04-01 19:20:05 = INFO - [settings.py] HOST_ADDRESS set to *
2020-04-01 19:20:05 = INFO - [settings.py] ALLOWED_HOSTS set to ['*']
2020-04-01 19:20:05 = INFO - [settings.py] ROOT_DIR set to /home/ryan/Desktop/SFU/CSSS_Site/csss-site
2020-04-01 19:20:05 = INFO - [settings.py] STATIC_URL set to /STATIC_URL/
2020-04-01 19:20:05 = INFO - [settings.py] STATIC_ROOT set to /home/ryan/Desktop/SFU/CSSS_Site/csss-site/csss-site/src/static_root/
2020-04-01 19:20:05 = INFO - [settings.py] MEDIA_URL set to /MEDIA_URL/
2020-04-01 19:20:05 = INFO - [settings.py] MEDIA_ROOT set to /home/ryan/Desktop/SFU/CSSS_Site/csss-site/csss-site/src/media_root/
2020-04-01 19:20:05 = INFO - [settings.py] FILE_FORM_MASTER_DIR set to form_uploads/form_uploads/
2020-04-01 19:20:05 = INFO - [settings.py] FILE_FORM_UPLOAD_DIR set to form_uploads/form_uploads/temporary_files/
2020-04-01 19:20:05 = INFO - [settings.py] DJANGO_MAILBOX_ATTACHMENT_UPLOAD_TO set to mailbox_attachments/%Y/%m/%d/
2020-04-01 19:20:05 = WARNING - Watching for file changes with StatReloader

2020-04-01 19:20:05 = INFO - Performing system checks...


2020-04-01 19:20:05 = INFO - System check identified no issues (0 silenced).

2020-04-01 19:20:05 = INFO - April 01, 2020 - 19:20:05

2020-04-01 19:20:05 = INFO - Django version 2.2.10, using settings 'csss.settings'
Starting development server at http://127.0.0.1:8000/
Quit the server with CONTROL-C.

2020-04-01 19:20:08 = INFO - [csss/views.py index()] sfu_emails []
2020-04-01 19:20:08 = WARNING - [01/Apr/2020 19:20:08] "GET / HTTP/1.1" 200 10875

2020-04-01 19:20:08 = INFO - [csss/views.py index()] sfu_emails []
2020-04-01 19:20:08 = WARNING - [01/Apr/2020 19:20:08] "GET / HTTP/1.1" 200 10875

2020-04-01 19:20:08 = WARNING - Not Found: /favicon.ico

2020-04-01 19:20:08 = WARNING - [01/Apr/2020 19:20:08] "GET /favicon.ico HTTP/1.1" 404 3123

2020-04-01 19:20:16 = WARNING - [01/Apr/2020 19:20:16] "GET /documents/photo_gallery HTTP/1.1" 200 10742

2020-04-01 19:20:16 = WARNING - [01/Apr/2020 19:20:16] "GET /STATIC_URL/csss_static/Jan.%201%2C%202015-Frosh/IMG_20150911_205739852.jpg HTTP/1.1" 304 0

2020-04-01 19:20:18 = WARNING - [01/Apr/2020 19:20:18] "GET /documents/photo_gallery/Frosh%20Fun/2020-04-01 HTTP/1.1" 200 14491

2020-04-01 19:20:18 = WARNING - [01/Apr/2020 19:20:18] "GET /STATIC_URL/csss_static/Jan.%201%2C%202016-Hacketines/CSSS-160212-9704.jpg HTTP/1.1" 304 0

2020-04-01 19:20:18 = WARNING - [01/Apr/2020 19:20:18] "GET /STATIC_URL/csss_static/Jan.%201%2C%202015-Frosh/Comic%20Sans.jpg HTTP/1.1" 200 3777745

2020-04-01 19:20:18 = WARNING - [01/Apr/2020 19:20:18] "GET /STATIC_URL/csss_static/Jan.%201%2C%202016-Hacketines/CSSS-160212-9711.jpg HTTP/1.1" 304 0

2020-04-01 19:20:25 = INFO - [csss/views.py index()] sfu_emails []
2020-04-01 19:20:25 = WARNING - [01/Apr/2020 19:20:25] "GET / HTTP/1.1" 200 10875

