2020-04-01 15:19:55 = INFO - [settings.py] BASE_DIR set to /home/ryan/Desktop/SFU/CSSS_Site/csss-site/csss-site/src
2020-04-01 15:19:55 = INFO - [settings.py] DEBUG set to True
2020-04-01 15:19:55 = INFO - [settings.py] HOST_ADDRESS set to *
2020-04-01 15:19:55 = INFO - [settings.py] ALLOWED_HOSTS set to ['*']
2020-04-01 15:19:55 = INFO - [settings.py] ROOT_DIR set to /home/ryan/Desktop/SFU/CSSS_Site/csss-site
2020-04-01 15:19:55 = INFO - [settings.py] STATIC_URL set to /STATIC_URL/
2020-04-01 15:19:55 = INFO - [settings.py] STATIC_ROOT set to /home/ryan/Desktop/SFU/CSSS_Site/csss-site/csss-site/src/static_root/
2020-04-01 15:19:55 = INFO - [settings.py] MEDIA_URL set to /MEDIA_URL/
2020-04-01 15:19:55 = INFO - [settings.py] MEDIA_ROOT set to /home/ryan/Desktop/SFU/CSSS_Site/csss-site/csss-site/src/media_root/
2020-04-01 15:19:55 = INFO - [settings.py] FILE_FORM_MASTER_DIR set to form_uploads/form_uploads/
2020-04-01 15:19:55 = INFO - [settings.py] FILE_FORM_UPLOAD_DIR set to form_uploads/form_uploads/temporary_files/
2020-04-01 15:19:55 = INFO - [settings.py] DJANGO_MAILBOX_ATTACHMENT_UPLOAD_TO set to mailbox_attachments/%Y/%m/%d/
2020-04-01 15:19:56 = WARNING - Watching for file changes with StatReloader

2020-04-01 15:19:56 = INFO - Performing system checks...


2020-04-01 15:19:56 = INFO - System check identified no issues (0 silenced).

2020-04-01 15:19:56 = INFO - April 01, 2020 - 15:19:56

2020-04-01 15:19:56 = INFO - Django version 2.2.10, using settings 'csss.settings'
Starting development server at http://0.0.0.0:8000/
Quit the server with CONTROL-C.

2020-04-01 15:20:01 = INFO - 20201
2020-04-01 15:20:01 = WARNING - [01/Apr/2020 15:20:01] "GET /about/list_of_officers HTTP/1.1" 200 13648

2020-04-01 15:20:49 = WARNING - [01/Apr/2020 15:20:49] "GET /admin/about/term/Spring/change/ HTTP/1.1" 200 7506

2020-04-01 15:20:49 = WARNING - [01/Apr/2020 15:20:49] "GET /admin/jsi18n/ HTTP/1.1" 200 3223

2020-04-01 15:20:58 = WARNING - [01/Apr/2020 15:20:58] "POST /admin/about/term/Spring/change/ HTTP/1.1" 302 0

2020-04-01 15:20:58 = WARNING - [01/Apr/2020 15:20:58] "GET /admin/about/term/Spring/change/ HTTP/1.1" 200 7726

2020-04-01 15:20:58 = WARNING - [01/Apr/2020 15:20:58] "GET /admin/jsi18n/ HTTP/1.1" 200 3223

2020-04-01 15:21:00 = WARNING - [01/Apr/2020 15:21:00] "GET /admin/about/term/ HTTP/1.1" 200 5048

2020-04-01 15:21:00 = WARNING - [01/Apr/2020 15:21:00] "GET /admin/jsi18n/ HTTP/1.1" 200 3223

2020-04-01 15:21:02 = WARNING - [01/Apr/2020 15:21:02] "GET /admin/about/term/Fall/change/ HTTP/1.1" 200 7500

2020-04-01 15:21:02 = WARNING - [01/Apr/2020 15:21:02] "GET /admin/jsi18n/ HTTP/1.1" 200 3223

2020-04-01 15:21:07 = WARNING - [01/Apr/2020 15:21:07] "POST /admin/about/term/Fall/change/ HTTP/1.1" 302 0

2020-04-01 15:21:07 = WARNING - [01/Apr/2020 15:21:07] "GET /admin/about/term/Fall/change/ HTTP/1.1" 200 7716

2020-04-01 15:21:07 = WARNING - [01/Apr/2020 15:21:07] "GET /admin/jsi18n/ HTTP/1.1" 200 3223

2020-04-01 15:21:09 = WARNING - [01/Apr/2020 15:21:09] "GET /admin/ HTTP/1.1" 200 19041

2020-04-01 15:21:12 = WARNING - [01/Apr/2020 15:21:12] "GET /admin/about/officer/ HTTP/1.1" 200 7353

2020-04-01 15:21:12 = WARNING - [01/Apr/2020 15:21:12] "GET /admin/jsi18n/ HTTP/1.1" 200 3223

2020-04-01 15:21:16 = WARNING - [01/Apr/2020 15:21:16] "GET /admin/about/officer/2/change/ HTTP/1.1" 200 11786

2020-04-01 15:21:16 = WARNING - [01/Apr/2020 15:21:16] "GET /admin/jsi18n/ HTTP/1.1" 200 3223

2020-04-01 15:21:29 = WARNING - [01/Apr/2020 15:21:29] "POST /admin/about/officer/2/change/ HTTP/1.1" 302 0

2020-04-01 15:21:29 = WARNING - [01/Apr/2020 15:21:29] "GET /admin/about/officer/2/change/ HTTP/1.1" 200 12020

2020-04-01 15:21:29 = WARNING - [01/Apr/2020 15:21:29] "GET /admin/jsi18n/ HTTP/1.1" 200 3223

2020-04-01 15:21:31 = WARNING - [01/Apr/2020 15:21:31] "GET /admin/about/officer/ HTTP/1.1" 200 7357

2020-04-01 15:21:31 = WARNING - [01/Apr/2020 15:21:31] "GET /admin/jsi18n/ HTTP/1.1" 200 3223

2020-04-01 15:21:32 = WARNING - [01/Apr/2020 15:21:32] "GET /admin/about/officer/1/change/ HTTP/1.1" 200 11837

2020-04-01 15:21:32 = WARNING - [01/Apr/2020 15:21:32] "GET /admin/jsi18n/ HTTP/1.1" 200 3223

2020-04-01 15:21:45 = WARNING - [01/Apr/2020 15:21:45] "POST /admin/about/officer/1/change/ HTTP/1.1" 302 0

2020-04-01 15:21:45 = WARNING - [01/Apr/2020 15:21:45] "GET /admin/about/officer/1/change/ HTTP/1.1" 200 12069

2020-04-01 15:21:45 = WARNING - [01/Apr/2020 15:21:45] "GET /admin/jsi18n/ HTTP/1.1" 200 3223

2020-04-01 15:21:48 = INFO - [csss/views.py index()] sfu_emails []
2020-04-01 15:21:48 = WARNING - [01/Apr/2020 15:21:48] "GET / HTTP/1.1" 200 12444

2020-04-01 15:21:51 = INFO - 20201
2020-04-01 15:21:51 = WARNING - [01/Apr/2020 15:21:51] "GET /about/list_of_officers HTTP/1.1" 200 13666

2020-04-01 15:22:02 = INFO - 20201
2020-04-01 15:22:02 = WARNING - [01/Apr/2020 15:22:02] "GET /about/list_of_officers HTTP/1.1" 200 13666

2020-04-01 15:22:23 = INFO - 20201
2020-04-01 15:22:23 = WARNING - [01/Apr/2020 15:22:23] "GET /about/list_of_officers HTTP/1.1" 200 13648

2020-04-01 15:24:43 = INFO - 20201
2020-04-01 15:24:43 = WARNING - [01/Apr/2020 15:24:43] "GET /about/list_of_officers HTTP/1.1" 200 13653

2020-04-01 15:24:43 = WARNING - [01/Apr/2020 15:24:43] "GET /STATIC_URL/csss_static/images.jpg HTTP/1.1" 304 0

2020-04-01 15:24:54 = INFO - 20201
2020-04-01 15:24:54 = WARNING - [01/Apr/2020 15:24:54] "GET /about/list_of_officers HTTP/1.1" 200 13653

2020-04-01 15:26:00 = INFO - 20201
2020-04-01 15:26:00 = WARNING - [01/Apr/2020 15:26:00] "GET /about/list_of_officers HTTP/1.1" 200 13727

2020-04-01 15:26:06 = INFO - 20201
2020-04-01 15:26:06 = WARNING - [01/Apr/2020 15:26:06] "GET /about/list_of_officers HTTP/1.1" 200 13727

2020-04-01 15:26:52 = INFO - 20201
2020-04-01 15:26:52 = WARNING - [01/Apr/2020 15:26:52] "GET /about/list_of_officers HTTP/1.1" 200 13727

2020-04-01 15:26:55 = INFO - 20201
2020-04-01 15:26:55 = WARNING - [01/Apr/2020 15:26:55] "GET /about/list_of_officers HTTP/1.1" 200 13727

2020-04-01 15:27:54 = INFO - 20201
2020-04-01 15:27:54 = WARNING - [01/Apr/2020 15:27:54] "GET /about/list_of_officers HTTP/1.1" 200 13727

2020-04-01 15:28:57 = INFO - 20201
2020-04-01 15:28:57 = WARNING - [01/Apr/2020 15:28:57] "GET /about/list_of_officers HTTP/1.1" 200 13722

2020-04-01 15:29:59 = INFO - 20201
2020-04-01 15:29:59 = WARNING - [01/Apr/2020 15:29:59] "GET /about/list_of_officers HTTP/1.1" 200 13704

2020-04-01 15:30:15 = INFO - 20201
2020-04-01 15:30:15 = WARNING - [01/Apr/2020 15:30:15] "GET /about/list_of_officers HTTP/1.1" 200 13704

2020-04-01 15:31:12 = INFO - 20201
2020-04-01 15:31:12 = WARNING - [01/Apr/2020 15:31:12] "GET /about/list_of_officers HTTP/1.1" 200 13719

2020-04-01 15:31:37 = INFO - 20201
2020-04-01 15:31:37 = WARNING - [01/Apr/2020 15:31:37] "GET /about/list_of_officers HTTP/1.1" 200 13726

2020-04-01 15:31:37 = WARNING - [01/Apr/2020 15:31:37] "GET /STATIC_URL/csss_static/images.jpg HTTP/1.1" 304 0

2020-04-01 15:31:44 = WARNING - [01/Apr/2020 15:31:44] "GET /STATIC_URL/csss_static/bulma.css.map HTTP/1.1" 404 1707

2020-04-01 15:32:58 = INFO - 20201
2020-04-01 15:32:58 = WARNING - [01/Apr/2020 15:32:58] "GET /about/list_of_officers HTTP/1.1" 200 13730

2020-04-01 15:32:58 = WARNING - [01/Apr/2020 15:32:58] "GET /STATIC_URL/csss_static/bulma.css.map HTTP/1.1" 404 1707

2020-04-01 15:33:17 = INFO - 20201
2020-04-01 15:33:17 = WARNING - [01/Apr/2020 15:33:17] "GET /about/list_of_officers HTTP/1.1" 200 13730

2020-04-01 15:33:17 = WARNING - [01/Apr/2020 15:33:17] "GET /STATIC_URL/csss_static/bulma.css.map HTTP/1.1" 404 1707

2020-04-01 15:33:41 = INFO - 20201
2020-04-01 15:33:41 = WARNING - [01/Apr/2020 15:33:41] "GET /about/list_of_officers HTTP/1.1" 200 13730

2020-04-01 15:33:41 = WARNING - [01/Apr/2020 15:33:41] "GET /STATIC_URL/csss_static/bulma.css.map HTTP/1.1" 404 1707

2020-04-01 15:35:30 = INFO - 20201
2020-04-01 15:35:30 = WARNING - [01/Apr/2020 15:35:30] "GET /about/list_of_officers HTTP/1.1" 200 13722

2020-04-01 15:35:30 = WARNING - [01/Apr/2020 15:35:30] "GET /STATIC_URL/csss_static/bulma.css.map HTTP/1.1" 404 1707

2020-04-01 15:36:21 = INFO - 20201
2020-04-01 15:36:21 = WARNING - [01/Apr/2020 15:36:21] "GET /about/list_of_officers HTTP/1.1" 200 13786

2020-04-01 15:36:22 = WARNING - [01/Apr/2020 15:36:22] "GET /STATIC_URL/csss_static/bulma.css.map HTTP/1.1" 404 1707

2020-04-01 15:42:03 = INFO - 20201
2020-04-01 15:42:03 = WARNING - [01/Apr/2020 15:42:03] "GET /about/list_of_officers HTTP/1.1" 200 13738

2020-04-01 15:42:03 = WARNING - [01/Apr/2020 15:42:03] "GET /STATIC_URL/csss_static/images.jpg HTTP/1.1" 304 0

2020-04-01 15:42:03 = WARNING - [01/Apr/2020 15:42:03] "GET /STATIC_URL/csss_static/bulma.css.map HTTP/1.1" 404 1707

2020-04-01 15:43:01 = INFO - 20201
2020-04-01 15:43:01 = WARNING - [01/Apr/2020 15:43:01] "GET /about/list_of_officers HTTP/1.1" 200 13740

2020-04-01 15:43:01 = WARNING - [01/Apr/2020 15:43:01] "GET /STATIC_URL/csss_static/bulma.css.map HTTP/1.1" 404 1707

2020-04-01 15:43:31 = INFO - 20201
2020-04-01 15:43:31 = WARNING - [01/Apr/2020 15:43:31] "GET /about/list_of_officers HTTP/1.1" 200 13727

2020-04-01 15:43:31 = WARNING - [01/Apr/2020 15:43:31] "GET /STATIC_URL/csss_static/bulma.css.map HTTP/1.1" 404 1707

2020-04-01 15:43:58 = INFO - 20201
2020-04-01 15:43:58 = WARNING - [01/Apr/2020 15:43:58] "GET /about/list_of_officers HTTP/1.1" 200 13740

2020-04-01 15:43:58 = WARNING - [01/Apr/2020 15:43:58] "GET /STATIC_URL/csss_static/images.jpg HTTP/1.1" 304 0

2020-04-01 15:44:09 = INFO - 20201
2020-04-01 15:44:09 = WARNING - [01/Apr/2020 15:44:09] "GET /about/list_of_officers HTTP/1.1" 200 13740

2020-04-01 15:44:10 = WARNING - [01/Apr/2020 15:44:10] "GET /STATIC_URL/csss_static/bulma.css.map HTTP/1.1" 404 1707

2020-04-01 15:44:29 = INFO - 20201
2020-04-01 15:44:29 = WARNING - [01/Apr/2020 15:44:29] "GET /about/list_of_officers HTTP/1.1" 200 13740

2020-04-01 15:44:29 = WARNING - [01/Apr/2020 15:44:29] "GET /STATIC_URL/csss_static/bulma.css.map HTTP/1.1" 404 1707

2020-04-01 15:45:04 = INFO - 20201
2020-04-01 15:45:04 = WARNING - [01/Apr/2020 15:45:04] "GET /about/list_of_officers HTTP/1.1" 200 13741

2020-04-01 15:45:05 = WARNING - [01/Apr/2020 15:45:05] "GET /STATIC_URL/csss_static/bulma.css.map HTTP/1.1" 404 1707

2020-04-01 15:46:20 = INFO - 20201
2020-04-01 15:46:20 = WARNING - [01/Apr/2020 15:46:20] "GET /about/list_of_officers HTTP/1.1" 200 13740

2020-04-01 15:46:20 = WARNING - [01/Apr/2020 15:46:20] "GET /STATIC_URL/csss_static/bulma.css.map HTTP/1.1" 404 1707

2020-04-01 15:50:04 = INFO - 20201
2020-04-01 15:50:04 = WARNING - [01/Apr/2020 15:50:04] "GET /about/list_of_officers HTTP/1.1" 200 13736

2020-04-01 15:50:05 = WARNING - [01/Apr/2020 15:50:05] "GET /STATIC_URL/csss_static/bulma.css.map HTTP/1.1" 404 1707

2020-04-01 15:52:05 = INFO - 20201
2020-04-01 15:52:05 = WARNING - [01/Apr/2020 15:52:05] "GET /about/list_of_officers HTTP/1.1" 200 13845

2020-04-01 15:52:05 = WARNING - [01/Apr/2020 15:52:05] "GET /STATIC_URL/csss_static/images.jpg HTTP/1.1" 304 0

2020-04-01 15:52:57 = INFO - 20201
2020-04-01 15:52:57 = WARNING - [01/Apr/2020 15:52:57] "GET /about/list_of_officers HTTP/1.1" 200 13873

2020-04-01 15:52:57 = WARNING - [01/Apr/2020 15:52:57] "GET /STATIC_URL/csss_static/sfu_hero_image.jpg HTTP/1.1" 304 0

2020-04-01 15:53:15 = WARNING - [01/Apr/2020 15:53:15] "GET /events/ HTTP/1.1" 200 8730

2020-04-01 15:53:22 = WARNING - [01/Apr/2020 15:53:22] "GET /administration/logout HTTP/1.1" 302 0

2020-04-01 15:53:22 = INFO - [csss/views.py index()] sfu_emails []
2020-04-01 15:53:22 = WARNING - [01/Apr/2020 15:53:22] "GET / HTTP/1.1" 200 12028

2020-04-01 15:53:26 = WARNING - [01/Apr/2020 15:53:26] "GET /about/who_we_are HTTP/1.1" 200 11594

2020-04-01 15:53:30 = INFO - 20201
2020-04-01 15:53:30 = WARNING - [01/Apr/2020 15:53:30] "GET /about/list_of_officers HTTP/1.1" 200 13457

2020-04-01 15:53:57 = INFO - 20201
2020-04-01 15:53:57 = WARNING - [01/Apr/2020 15:53:57] "GET /about/list_of_officers HTTP/1.1" 200 13486

2020-04-01 15:54:36 = INFO - [csss/views.py index()] sfu_emails []
2020-04-01 15:54:36 = WARNING - [01/Apr/2020 15:54:36] "GET / HTTP/1.1" 200 12028

2020-04-01 15:54:36 = WARNING - [01/Apr/2020 15:54:36] "GET /STATIC_URL/csss_static/sfu_hero_image.jpg HTTP/1.1" 304 0

2020-04-01 15:54:37 = WARNING - Not Found: /favicon.ico

2020-04-01 15:54:49 = INFO - 20201
2020-04-01 15:54:49 = WARNING - [01/Apr/2020 15:54:49] "GET /about/list_of_officers HTTP/1.1" 200 13486

2020-04-01 15:54:49 = WARNING - [01/Apr/2020 15:54:49] "GET /STATIC_URL/csss_static/images.jpg HTTP/1.1" 200 4343

2020-04-01 15:55:00 = WARNING - Not Found: /favicon.ico

2020-04-01 15:56:42 = INFO - 20201
2020-04-01 15:56:42 = WARNING - [01/Apr/2020 15:56:42] "GET /about/list_of_officers HTTP/1.1" 200 13476

2020-04-01 15:56:51 = INFO - 20201
2020-04-01 15:56:51 = WARNING - [01/Apr/2020 15:56:51] "GET /about/list_of_officers HTTP/1.1" 200 13447

2020-04-01 15:56:55 = INFO - 20201
2020-04-01 15:56:55 = WARNING - [01/Apr/2020 15:56:55] "GET /about/list_of_officers HTTP/1.1" 200 13447

2020-04-01 15:56:55 = WARNING - [01/Apr/2020 15:56:55] "GET /STATIC_URL/csss_static/new_style.css HTTP/1.1" 200 229963

2020-04-01 15:56:56 = WARNING - [01/Apr/2020 15:56:56] "GET /STATIC_URL/csss_static/images.jpg HTTP/1.1" 200 4343

2020-04-01 15:56:56 = WARNING - [01/Apr/2020 15:56:56] "GET /STATIC_URL/csss_static/logo.png HTTP/1.1" 200 20211

2020-04-01 15:56:56 = WARNING - [01/Apr/2020 15:56:56] "GET /STATIC_URL/csss_static/sfu_hero_image.jpg HTTP/1.1" 304 0

2020-04-01 15:57:30 = INFO - [csss/views.py index()] sfu_emails []
2020-04-01 15:57:30 = WARNING - [01/Apr/2020 15:57:30] "GET / HTTP/1.1" 200 11989

2020-04-01 15:57:31 = WARNING - Not Found: /favicon.ico

2020-04-01 15:57:44 = INFO - 20201
2020-04-01 15:57:44 = WARNING - [01/Apr/2020 15:57:44] "GET /about/list_of_officers HTTP/1.1" 200 13447

2020-04-01 15:59:43 = INFO - 20201
2020-04-01 15:59:44 = WARNING - [01/Apr/2020 15:59:44] "GET /about/list_of_officers HTTP/1.1" 200 13432

2020-04-01 15:59:46 = INFO - [csss/views.py index()] sfu_emails []
2020-04-01 15:59:46 = WARNING - [01/Apr/2020 15:59:46] "GET / HTTP/1.1" 200 11974

2020-04-01 16:00:00 = INFO - [csss/views.py index()] sfu_emails []
2020-04-01 16:00:00 = WARNING - [01/Apr/2020 16:00:00] "GET / HTTP/1.1" 200 11974

2020-04-01 16:00:00 = WARNING - Not Found: /favicon.ico

2020-04-01 16:00:36 = WARNING - [01/Apr/2020 16:00:36] "GET /about/who_we_are HTTP/1.1" 200 11540

2020-04-01 16:00:40 = INFO - 20201
2020-04-01 16:00:40 = WARNING - [01/Apr/2020 16:00:40] "GET /about/list_of_officers HTTP/1.1" 200 13432

2020-04-01 16:00:45 = INFO - [csss/views.py index()] sfu_emails []
2020-04-01 16:00:45 = WARNING - [01/Apr/2020 16:00:45] "GET / HTTP/1.1" 200 11974

2020-04-01 16:01:59 = INFO - 20201
2020-04-01 16:01:59 = WARNING - [01/Apr/2020 16:01:59] "GET /about/list_of_officers HTTP/1.1" 200 13432

2020-04-01 16:03:29 = WARNING - [01/Apr/2020 16:03:29] "GET /about/who_we_are HTTP/1.1" 200 11540

2020-04-01 16:03:47 = INFO - [csss/views.py index()] sfu_emails []
2020-04-01 16:03:47 = WARNING - [01/Apr/2020 16:03:47] "GET / HTTP/1.1" 200 11974

2020-04-01 16:04:42 = WARNING - [01/Apr/2020 16:04:42] "GET /documents/file_uploading/multiple HTTP/1.1" 200 10761

2020-04-01 16:04:42 = WARNING - [01/Apr/2020 16:04:42] "GET /STATIC_URL/csss_static/style.css HTTP/1.1" 200 1333

2020-04-01 16:04:42 = WARNING - [01/Apr/2020 16:04:42] "GET /STATIC_URL/file_uploads/jquery/dist/jquery.js HTTP/1.1" 404 1734

2020-04-01 16:04:42 = WARNING - [01/Apr/2020 16:04:42] "GET /STATIC_URL/file_uploads/example.css HTTP/1.1" 404 1704

2020-04-01 16:04:42 = WARNING - [01/Apr/2020 16:04:42] "GET /STATIC_URL/ajaxuploader/css/fileuploader.css HTTP/1.1" 200 5030

2020-04-01 16:04:42 = WARNING - [01/Apr/2020 16:04:42] "GET /STATIC_URL/file_form/file_form.js HTTP/1.1" 200 1496

2020-04-01 16:04:42 = WARNING - [01/Apr/2020 16:04:42] "GET /STATIC_URL/ajaxuploader/js/fileuploader.js HTTP/1.1" 200 387500

2020-04-01 16:04:42 = WARNING - [01/Apr/2020 16:04:42] "GET /STATIC_URL/file_uploads/example.css HTTP/1.1" 404 1704

2020-04-01 16:04:42 = WARNING - [01/Apr/2020 16:04:42] "GET /STATIC_URL/file_uploads/jquery/dist/jquery.js HTTP/1.1" 404 1734

2020-04-01 16:04:46 = WARNING - [01/Apr/2020 16:04:46] "GET /about/who_we_are HTTP/1.1" 200 11540

2020-04-01 16:04:54 = WARNING - [01/Apr/2020 16:04:54] "GET /documents/photo_gallery HTTP/1.1" 200 8063

2020-04-01 16:05:16 = WARNING - [01/Apr/2020 16:05:16] "GET /comp_sci_guide HTTP/1.1" 301 0

2020-04-01 16:05:16 = WARNING - [01/Apr/2020 16:05:16] "GET /comp_sci_guide/ HTTP/1.1" 200 11228

2020-04-01 16:05:17 = WARNING - [01/Apr/2020 16:05:17] "GET /bursaries_and_awards HTTP/1.1" 301 0

2020-04-01 16:05:17 = WARNING - [01/Apr/2020 16:05:17] "GET /bursaries_and_awards/ HTTP/1.1" 200 11581

2020-04-01 16:05:18 = WARNING - [01/Apr/2020 16:05:18] "GET /comp_sci_guide/ HTTP/1.1" 200 11228

2020-04-01 16:05:21 = WARNING - [01/Apr/2020 16:05:21] "GET /about/who_we_are HTTP/1.1" 200 11540

2020-04-01 16:05:33 = WARNING - [01/Apr/2020 16:05:33] "GET /comp_sci_guide/ HTTP/1.1" 200 11228

2020-04-01 16:05:36 = WARNING - [01/Apr/2020 16:05:36] "GET /about/who_we_are HTTP/1.1" 200 11540

2020-04-01 16:05:42 = INFO - 20201
2020-04-01 16:05:42 = WARNING - [01/Apr/2020 16:05:42] "GET /about/list_of_officers HTTP/1.1" 200 13432

2020-04-01 16:05:42 = WARNING - [01/Apr/2020 16:05:42] "GET /STATIC_URL/csss_static/images.jpg HTTP/1.1" 304 0

2020-04-01 16:05:55 = WARNING - [01/Apr/2020 16:05:55] "GET /comp_sci_guide/ HTTP/1.1" 200 11228

2020-04-01 16:07:05 = WARNING - [01/Apr/2020 16:07:05] "GET /comp_sci_guide/ HTTP/1.1" 200 14004

2020-04-01 16:07:32 = WARNING - [01/Apr/2020 16:07:32] "GET /comp_sci_guide/ HTTP/1.1" 200 14061

2020-04-01 16:08:09 = WARNING - [01/Apr/2020 16:08:09] "GET /comp_sci_guide/ HTTP/1.1" 200 14043

2020-04-01 16:08:31 = WARNING - [01/Apr/2020 16:08:31] "GET /comp_sci_guide/ HTTP/1.1" 200 14090

2020-04-01 16:10:36 = INFO - [csss/views.py index()] sfu_emails []
2020-04-01 16:10:36 = WARNING - [01/Apr/2020 16:10:36] "GET / HTTP/1.1" 200 11974

2020-04-01 16:10:36 = WARNING - Not Found: /favicon.ico

2020-04-01 16:10:39 = WARNING - [01/Apr/2020 16:10:39] "GET /comp_sci_guide/ HTTP/1.1" 200 14090

2020-04-01 16:11:03 = WARNING - [01/Apr/2020 16:11:03] "GET /bursaries_and_awards/ HTTP/1.1" 200 11581

2020-04-01 16:11:04 = WARNING - [01/Apr/2020 16:11:04] "GET /bursaries_and_awards/ HTTP/1.1" 200 11581

2020-04-01 16:11:56 = WARNING - [01/Apr/2020 16:11:56] "GET /bursaries_and_awards/ HTTP/1.1" 200 12373

2020-04-01 16:12:08 = WARNING - [01/Apr/2020 16:12:08] "GET /bursaries_and_awards/ HTTP/1.1" 200 14281

2020-04-01 16:12:24 = WARNING - [01/Apr/2020 16:12:24] "GET /bursaries_and_awards/ HTTP/1.1" 200 14319

2020-04-01 16:12:41 = WARNING - [01/Apr/2020 16:12:41] "GET /bursaries_and_awards/ HTTP/1.1" 200 14332

2020-04-01 16:12:53 = WARNING - [01/Apr/2020 16:12:53] "GET /comp_sci_guide/ HTTP/1.1" 200 14090

2020-04-01 16:13:03 = WARNING - [01/Apr/2020 16:13:03] "GET /documents/photo_gallery HTTP/1.1" 200 8063

2020-04-01 16:13:06 = WARNING - [01/Apr/2020 16:13:06] "GET /about/who_we_are HTTP/1.1" 200 11540

2020-04-01 16:14:01 = WARNING - [01/Apr/2020 16:14:01] "GET /about/who_we_are HTTP/1.1" 200 11595

2020-04-01 16:14:28 = WARNING - [01/Apr/2020 16:14:28] "GET /documents/photo_gallery HTTP/1.1" 200 8063

2020-04-01 16:14:31 = INFO - [csss/views.py index()] sfu_emails []
2020-04-01 16:14:31 = WARNING - [01/Apr/2020 16:14:31] "GET / HTTP/1.1" 200 11974

2020-04-01 16:14:34 = WARNING - [01/Apr/2020 16:14:34] "GET /documents/file_uploading/multiple HTTP/1.1" 200 10761

2020-04-01 16:14:34 = WARNING - [01/Apr/2020 16:14:34] "GET /STATIC_URL/ajaxuploader/css/fileuploader.css HTTP/1.1" 304 0

2020-04-01 16:14:34 = WARNING - [01/Apr/2020 16:14:34] "GET /STATIC_URL/file_uploads/example.css HTTP/1.1" 404 1704

2020-04-01 16:14:34 = WARNING - [01/Apr/2020 16:14:34] "GET /STATIC_URL/file_form/file_form.js HTTP/1.1" 304 0

2020-04-01 16:14:34 = WARNING - [01/Apr/2020 16:14:34] "GET /STATIC_URL/ajaxuploader/js/fileuploader.js HTTP/1.1" 200 387500

2020-04-01 16:14:34 = WARNING - [01/Apr/2020 16:14:34] "GET /STATIC_URL/file_uploads/jquery/dist/jquery.js HTTP/1.1" 404 1734

2020-04-01 16:14:34 = WARNING - [01/Apr/2020 16:14:34] "GET /STATIC_URL/file_uploads/example.css HTTP/1.1" 404 1704

2020-04-01 16:14:34 = WARNING - [01/Apr/2020 16:14:34] "GET /STATIC_URL/file_uploads/jquery/dist/jquery.js HTTP/1.1" 404 1734

2020-04-01 16:14:54 = WARNING - [01/Apr/2020 16:14:54] "GET /documents/photo_gallery HTTP/1.1" 200 8063

2020-04-01 16:15:48 = WARNING - [01/Apr/2020 16:15:48] "GET /events/ HTTP/1.1" 200 7720

2020-04-01 16:15:50 = WARNING - [01/Apr/2020 16:15:50] "GET /events/general_meetings HTTP/1.1" 200 7431

2020-04-01 16:15:51 = WARNING - [01/Apr/2020 16:15:51] "GET /events/general_meetings HTTP/1.1" 200 7431

2020-04-01 16:15:52 = WARNING - [01/Apr/2020 16:15:52] "GET /events/board_games HTTP/1.1" 200 7434

2020-04-01 16:16:29 = INFO - [csss/views.py index()] sfu_emails []
2020-04-01 16:16:29 = WARNING - [01/Apr/2020 16:16:29] "GET / HTTP/1.1" 200 11974

2020-04-01 16:16:53 = WARNING - [01/Apr/2020 16:16:53] "GET /documents/file_uploading/multiple HTTP/1.1" 200 10761

2020-04-01 16:16:53 = WARNING - [01/Apr/2020 16:16:53] "GET /STATIC_URL/file_uploads/example.css HTTP/1.1" 404 1704

2020-04-01 16:16:53 = WARNING - [01/Apr/2020 16:16:53] "GET /STATIC_URL/file_uploads/jquery/dist/jquery.js HTTP/1.1" 404 1734

2020-04-01 16:16:53 = WARNING - [01/Apr/2020 16:16:53] "GET /STATIC_URL/file_uploads/jquery/dist/jquery.js HTTP/1.1" 404 1734

2020-04-01 16:19:16 = WARNING - [01/Apr/2020 16:19:16] "GET /documents/photo_gallery HTTP/1.1" 200 8063

2020-04-01 16:22:09 = WARNING - [01/Apr/2020 16:22:09] "GET /about/who_we_are HTTP/1.1" 200 11595

2020-04-01 16:22:16 = WARNING - [01/Apr/2020 16:22:16] "GET /events/ HTTP/1.1" 200 7720

2020-04-01 16:22:21 = INFO - [csss/views.py index()] sfu_emails []
2020-04-01 16:22:21 = WARNING - [01/Apr/2020 16:22:21] "GET / HTTP/1.1" 200 11974

2020-04-01 16:23:21 = WARNING - [01/Apr/2020 16:23:21] "GET /about/who_we_are HTTP/1.1" 200 11595

2020-04-01 16:27:21 = WARNING - [01/Apr/2020 16:27:21] "GET /about/who_we_are HTTP/1.1" 200 11595

2020-04-01 16:27:25 = WARNING - [01/Apr/2020 16:27:25] "GET /events/ HTTP/1.1" 200 9629

2020-04-01 16:29:57 = WARNING - [01/Apr/2020 16:29:57] "GET /events/ HTTP/1.1" 200 9782

2020-04-01 16:30:33 = WARNING - [01/Apr/2020 16:30:33] "GET /events/ HTTP/1.1" 200 9854

2020-04-01 16:30:56 = WARNING - [01/Apr/2020 16:30:56] "GET /events/ HTTP/1.1" 200 9856

2020-04-01 16:31:02 = WARNING - [01/Apr/2020 16:31:02] "GET /events/general_meetings HTTP/1.1" 200 9536

2020-04-01 16:31:04 = WARNING - [01/Apr/2020 16:31:04] "GET /events/general_meetings HTTP/1.1" 200 9536

2020-04-01 16:31:06 = WARNING - [01/Apr/2020 16:31:06] "GET /events/board_games HTTP/1.1" 200 9490

2020-04-01 16:31:11 = WARNING - [01/Apr/2020 16:31:11] "GET /events/ HTTP/1.1" 200 9856

2020-04-01 16:31:21 = WARNING - [01/Apr/2020 16:31:21] "GET /documents/photo_gallery HTTP/1.1" 200 8063

2020-04-01 16:32:47 = WARNING - [01/Apr/2020 16:32:47] "GET /about/who_we_are HTTP/1.1" 200 11595

2020-04-01 16:37:37 = WARNING - [01/Apr/2020 16:37:37] "GET /admin/ HTTP/1.1" 302 0

2020-04-01 16:37:37 = WARNING - [01/Apr/2020 16:37:37] "GET /admin/login/?next=/admin/ HTTP/1.1" 200 1836

2020-04-01 16:37:38 = WARNING - [01/Apr/2020 16:37:38] "GET /admin/ HTTP/1.1" 302 0

2020-04-01 16:37:38 = WARNING - [01/Apr/2020 16:37:38] "GET /admin/login/?next=/admin/ HTTP/1.1" 200 1836

2020-04-01 16:37:38 = WARNING - [01/Apr/2020 16:37:38] "GET /STATIC_URL/admin/fonts/Roboto-Regular-webfont.woff HTTP/1.1" 200 85876

2020-04-01 16:37:38 = WARNING - [01/Apr/2020 16:37:38] "GET /STATIC_URL/admin/fonts/Roboto-Light-webfont.woff HTTP/1.1" 200 85692

2020-04-01 16:37:43 = WARNING - [01/Apr/2020 16:37:43] "POST /admin/login/?next=/admin/ HTTP/1.1" 302 0

2020-04-01 16:37:43 = WARNING - [01/Apr/2020 16:37:43] "GET /admin/ HTTP/1.1" 200 19068

2020-04-01 16:37:43 = WARNING - [01/Apr/2020 16:37:43] "GET /STATIC_URL/admin/fonts/Roboto-Bold-webfont.woff HTTP/1.1" 200 86184

2020-04-01 16:37:57 = INFO - [csss/views.py index()] sfu_emails []
2020-04-01 16:37:57 = WARNING - [01/Apr/2020 16:37:57] "GET / HTTP/1.1" 200 12390

2020-04-01 16:37:59 = WARNING - [01/Apr/2020 16:37:59] "GET /admin/login/?next=/admin/ HTTP/1.1" 302 0

2020-04-01 16:37:59 = WARNING - [01/Apr/2020 16:37:59] "GET /admin/ HTTP/1.1" 200 19068

2020-04-01 16:38:12 = WARNING - [01/Apr/2020 16:38:12] "GET /documents/photo_gallery HTTP/1.1" 200 9073

2020-04-01 16:38:16 = WARNING - [01/Apr/2020 16:38:16] "GET /events/ HTTP/1.1" 200 10272

2020-04-01 16:38:25 = WARNING - [01/Apr/2020 16:38:25] "GET /events/general_meetings HTTP/1.1" 200 9952

2020-04-01 16:38:29 = WARNING - [01/Apr/2020 16:38:29] "GET /events/board_games HTTP/1.1" 200 9906

2020-04-01 16:39:22 = WARNING - [01/Apr/2020 16:39:22] "GET /admin/elections/ HTTP/1.1" 200 2974

2020-04-01 16:39:24 = WARNING - [01/Apr/2020 16:39:24] "GET /admin/elections/nominationpage/ HTTP/1.1" 200 3288

2020-04-01 16:39:24 = WARNING - [01/Apr/2020 16:39:24] "GET /admin/jsi18n/ HTTP/1.1" 200 3223

2020-04-01 16:39:24 = WARNING - [01/Apr/2020 16:39:24] "GET /STATIC_URL/admin/js/vendor/jquery/jquery.js HTTP/1.1" 200 271817

2020-04-01 16:39:24 = WARNING - [01/Apr/2020 16:39:24] "GET /STATIC_URL/admin/js/vendor/xregexp/xregexp.js HTTP/1.1" 200 128820

2020-04-01 16:39:25 = WARNING - [01/Apr/2020 16:39:25] "GET /admin/elections/nominationpage/add/ HTTP/1.1" 200 6244

2020-04-01 16:39:26 = WARNING - [01/Apr/2020 16:39:26] "GET /STATIC_URL/admin/js/calendar.js HTTP/1.1" 200 7777

2020-04-01 16:39:26 = WARNING - [01/Apr/2020 16:39:26] "GET /STATIC_URL/admin/js/admin/DateTimeShortcuts.js HTTP/1.1" 200 20218

2020-04-01 16:39:26 = WARNING - [01/Apr/2020 16:39:26] "GET /admin/jsi18n/ HTTP/1.1" 200 3223

2020-04-01 16:39:26 = WARNING - [01/Apr/2020 16:39:26] "GET /STATIC_URL/admin/img/icon-calendar.svg HTTP/1.1" 304 0

2020-04-01 16:39:26 = WARNING - [01/Apr/2020 16:39:26] "GET /STATIC_URL/admin/img/icon-clock.svg HTTP/1.1" 304 0

2020-04-01 16:39:31 = WARNING - [01/Apr/2020 16:39:31] "GET /admin/elections/nominationpage/ HTTP/1.1" 200 3288

2020-04-01 16:39:32 = WARNING - [01/Apr/2020 16:39:32] "GET /admin/elections/ HTTP/1.1" 200 2974

2020-04-01 16:39:33 = WARNING - [01/Apr/2020 16:39:33] "GET /admin/elections/nominee/ HTTP/1.1" 200 3236

2020-04-01 16:39:33 = WARNING - [01/Apr/2020 16:39:33] "GET /admin/jsi18n/ HTTP/1.1" 200 3223

2020-04-01 16:39:35 = WARNING - [01/Apr/2020 16:39:35] "GET /admin/elections/nominee/add/ HTTP/1.1" 200 8729

2020-04-01 16:39:35 = WARNING - [01/Apr/2020 16:39:35] "GET /admin/jsi18n/ HTTP/1.1" 200 3223

2020-04-01 16:39:37 = WARNING - [01/Apr/2020 16:39:37] "GET /admin/elections/nominee/ HTTP/1.1" 200 3236

2020-04-01 16:39:38 = WARNING - [01/Apr/2020 16:39:38] "GET /admin/elections/ HTTP/1.1" 200 2974

2020-04-01 16:39:39 = WARNING - [01/Apr/2020 16:39:39] "GET /admin/ HTTP/1.1" 200 19068

2020-04-01 16:39:47 = WARNING - [01/Apr/2020 16:39:47] "GET /admin/documents/event/ HTTP/1.1" 200 3222

2020-04-01 16:39:47 = WARNING - [01/Apr/2020 16:39:47] "GET /admin/jsi18n/ HTTP/1.1" 200 3223

2020-04-01 16:39:49 = WARNING - [01/Apr/2020 16:39:49] "GET /admin/documents/event/add/ HTTP/1.1" 200 4062

2020-04-01 16:39:49 = WARNING - [01/Apr/2020 16:39:49] "GET /admin/jsi18n/ HTTP/1.1" 200 3223

2020-04-01 16:40:08 = WARNING - [01/Apr/2020 16:40:08] "GET /documents/photo_gallery HTTP/1.1" 200 9073

2020-04-01 16:40:28 = WARNING - [01/Apr/2020 16:40:28] "POST /admin/documents/event/add/ HTTP/1.1" 302 0

2020-04-01 16:40:28 = WARNING - [01/Apr/2020 16:40:28] "GET /admin/documents/event/add/ HTTP/1.1" 200 4289

2020-04-01 16:40:28 = WARNING - [01/Apr/2020 16:40:28] "GET /admin/jsi18n/ HTTP/1.1" 200 3223

2020-04-01 16:40:35 = WARNING - [01/Apr/2020 16:40:35] "POST /admin/documents/event/add/ HTTP/1.1" 302 0

2020-04-01 16:40:35 = WARNING - [01/Apr/2020 16:40:35] "GET /admin/documents/event/add/ HTTP/1.1" 200 4279

2020-04-01 16:40:35 = WARNING - [01/Apr/2020 16:40:35] "GET /admin/jsi18n/ HTTP/1.1" 200 3223

2020-04-01 16:40:37 = WARNING - [01/Apr/2020 16:40:37] "GET /admin/documents/event/ HTTP/1.1" 200 4673

2020-04-01 16:40:37 = WARNING - [01/Apr/2020 16:40:37] "GET /admin/jsi18n/ HTTP/1.1" 200 3223

2020-04-01 16:40:38 = WARNING - [01/Apr/2020 16:40:38] "GET /admin/documents/ HTTP/1.1" 200 5135

2020-04-01 16:40:42 = WARNING - [01/Apr/2020 16:40:42] "GET /admin/documents/album/ HTTP/1.1" 200 3222

2020-04-01 16:40:42 = WARNING - [01/Apr/2020 16:40:42] "GET /admin/jsi18n/ HTTP/1.1" 200 3223

2020-04-01 16:40:43 = WARNING - [01/Apr/2020 16:40:43] "GET /admin/documents/album/add/ HTTP/1.1" 200 7222

2020-04-01 16:40:43 = WARNING - [01/Apr/2020 16:40:43] "GET /admin/jsi18n/ HTTP/1.1" 200 3223

2020-04-01 16:40:59 = WARNING - [01/Apr/2020 16:40:59] "GET /admin/documents/media/add/?_to_field=id&_popup=1 HTTP/1.1" 200 7710

2020-04-01 16:40:59 = WARNING - [01/Apr/2020 16:40:59] "GET /admin/jsi18n/ HTTP/1.1" 200 3223

2020-04-01 16:41:04 = WARNING - [01/Apr/2020 16:41:04] "GET /admin/documents/picture/add/?_to_field=static_path&_popup=1 HTTP/1.1" 200 3890

2020-04-01 16:41:04 = WARNING - [01/Apr/2020 16:41:04] "GET /admin/jsi18n/ HTTP/1.1" 200 3223

2020-04-01 16:42:09 = WARNING - [01/Apr/2020 16:42:09] "POST /admin/documents/album/add/ HTTP/1.1" 200 7411

2020-04-01 16:42:09 = WARNING - [01/Apr/2020 16:42:09] "GET /admin/jsi18n/ HTTP/1.1" 200 3223

2020-04-01 16:42:14 = WARNING - [01/Apr/2020 16:42:14] "GET /admin/documents/album/ HTTP/1.1" 200 3222

2020-04-01 16:42:14 = WARNING - [01/Apr/2020 16:42:14] "GET /admin/jsi18n/ HTTP/1.1" 200 3223

2020-04-01 16:42:15 = WARNING - [01/Apr/2020 16:42:15] "GET /admin/documents/ HTTP/1.1" 200 5135

2020-04-01 16:42:20 = WARNING - [01/Apr/2020 16:42:20] "GET /admin/documents/media/ HTTP/1.1" 200 3222

2020-04-01 16:42:20 = WARNING - [01/Apr/2020 16:42:20] "GET /admin/jsi18n/ HTTP/1.1" 200 3223

2020-04-01 16:42:22 = WARNING - [01/Apr/2020 16:42:22] "GET /admin/documents/media/add/ HTTP/1.1" 200 8667

2020-04-01 16:42:22 = WARNING - [01/Apr/2020 16:42:22] "GET /admin/jsi18n/ HTTP/1.1" 200 3223

2020-04-01 16:42:24 = WARNING - [01/Apr/2020 16:42:24] "GET /admin/documents/media/ HTTP/1.1" 200 3222

2020-04-01 16:42:25 = WARNING - [01/Apr/2020 16:42:25] "GET /admin/documents/ HTTP/1.1" 200 5135

2020-04-01 16:42:26 = WARNING - [01/Apr/2020 16:42:26] "GET /admin/documents/picture/ HTTP/1.1" 200 3236

2020-04-01 16:42:26 = WARNING - [01/Apr/2020 16:42:26] "GET /admin/jsi18n/ HTTP/1.1" 200 3223

2020-04-01 16:42:27 = WARNING - [01/Apr/2020 16:42:27] "GET /admin/documents/picture/add/ HTTP/1.1" 200 4844

2020-04-01 16:42:27 = WARNING - [01/Apr/2020 16:42:27] "GET /admin/jsi18n/ HTTP/1.1" 200 3223

2020-04-01 16:45:36 = WARNING - [01/Apr/2020 16:45:36] "POST /admin/documents/picture/add/ HTTP/1.1" 302 0

2020-04-01 16:45:36 = WARNING - [01/Apr/2020 16:45:36] "GET /admin/documents/picture/ HTTP/1.1" 200 5260

2020-04-01 16:45:36 = WARNING - [01/Apr/2020 16:45:36] "GET /admin/jsi18n/ HTTP/1.1" 200 3223

2020-04-01 16:45:41 = WARNING - [01/Apr/2020 16:45:41] "GET /admin/documents/picture/add/ HTTP/1.1" 200 4844

2020-04-01 16:45:41 = WARNING - [01/Apr/2020 16:45:41] "GET /admin/jsi18n/ HTTP/1.1" 200 3223

2020-04-01 16:45:57 = WARNING - [01/Apr/2020 16:45:57] "POST /admin/documents/picture/add/ HTTP/1.1" 302 0

2020-04-01 16:45:57 = WARNING - [01/Apr/2020 16:45:57] "GET /admin/documents/picture/add/ HTTP/1.1" 200 5260

2020-04-01 16:45:57 = WARNING - [01/Apr/2020 16:45:57] "GET /admin/jsi18n/ HTTP/1.1" 200 3223

2020-04-01 16:46:10 = WARNING - [01/Apr/2020 16:46:10] "POST /admin/documents/picture/add/ HTTP/1.1" 302 0

2020-04-01 16:46:10 = WARNING - [01/Apr/2020 16:46:10] "GET /admin/documents/picture/add/ HTTP/1.1" 200 5254

2020-04-01 16:46:10 = WARNING - [01/Apr/2020 16:46:10] "GET /admin/jsi18n/ HTTP/1.1" 200 3223

2020-04-01 16:46:28 = WARNING - [01/Apr/2020 16:46:28] "POST /admin/documents/picture/add/ HTTP/1.1" 302 0

2020-04-01 16:46:28 = WARNING - [01/Apr/2020 16:46:28] "GET /admin/documents/picture/ HTTP/1.1" 200 6985

2020-04-01 16:46:28 = WARNING - [01/Apr/2020 16:46:28] "GET /admin/jsi18n/ HTTP/1.1" 200 3223

2020-04-01 16:46:33 = WARNING - [01/Apr/2020 16:46:33] "GET /admin/documents/ HTTP/1.1" 200 5135

2020-04-01 16:46:35 = WARNING - [01/Apr/2020 16:46:35] "GET /admin/documents/media/ HTTP/1.1" 200 3222

2020-04-01 16:46:35 = WARNING - [01/Apr/2020 16:46:35] "GET /admin/jsi18n/ HTTP/1.1" 200 3223

2020-04-01 16:46:37 = WARNING - [01/Apr/2020 16:46:37] "GET /admin/documents/media/add/ HTTP/1.1" 200 9491

2020-04-01 16:46:37 = WARNING - [01/Apr/2020 16:46:37] "GET /admin/jsi18n/ HTTP/1.1" 200 3223

2020-04-01 16:46:53 = WARNING - [01/Apr/2020 16:46:53] "GET /admin/documents/media/ HTTP/1.1" 200 3222

2020-04-01 16:46:54 = WARNING - [01/Apr/2020 16:46:54] "GET /admin/documents/ HTTP/1.1" 200 5135

2020-04-01 16:46:56 = WARNING - [01/Apr/2020 16:46:56] "GET /admin/documents/event/ HTTP/1.1" 200 4673

2020-04-01 16:46:56 = WARNING - [01/Apr/2020 16:46:56] "GET /admin/jsi18n/ HTTP/1.1" 200 3223

2020-04-01 16:46:57 = WARNING - [01/Apr/2020 16:46:57] "GET /admin/documents/ HTTP/1.1" 200 5135

2020-04-01 16:46:58 = WARNING - [01/Apr/2020 16:46:58] "GET /admin/documents/album/ HTTP/1.1" 200 3222

2020-04-01 16:46:58 = WARNING - [01/Apr/2020 16:46:58] "GET /admin/jsi18n/ HTTP/1.1" 200 3223

2020-04-01 16:46:59 = WARNING - [01/Apr/2020 16:46:59] "GET /admin/documents/album/add/ HTTP/1.1" 200 7222

2020-04-01 16:46:59 = WARNING - [01/Apr/2020 16:46:59] "GET /admin/jsi18n/ HTTP/1.1" 200 3223

2020-04-01 16:47:24 = WARNING - [01/Apr/2020 16:47:24] "GET /admin/documents/media/add/?_to_field=id&_popup=1 HTTP/1.1" 200 8534

2020-04-01 16:47:24 = WARNING - [01/Apr/2020 16:47:24] "GET /admin/jsi18n/ HTTP/1.1" 200 3223

2020-04-01 16:47:59 = WARNING - [01/Apr/2020 16:47:59] "GET /admin/documents/video/add/?_to_field=youtube_link&_popup=1 HTTP/1.1" 200 3125

2020-04-01 16:47:59 = WARNING - [01/Apr/2020 16:47:59] "GET /admin/jsi18n/ HTTP/1.1" 200 3223

2020-04-01 16:48:04 = WARNING - [01/Apr/2020 16:48:04] "POST /admin/documents/media/add/?_to_field=id&_popup=1 HTTP/1.1" 200 8810

2020-04-01 16:48:04 = WARNING - [01/Apr/2020 16:48:04] "GET /admin/jsi18n/ HTTP/1.1" 200 3223

2020-04-01 16:48:09 = WARNING - [01/Apr/2020 16:48:09] "GET /admin/documents/video/add/?_to_field=youtube_link&_popup=1 HTTP/1.1" 200 3125

2020-04-01 16:48:09 = WARNING - [01/Apr/2020 16:48:09] "GET /admin/jsi18n/ HTTP/1.1" 200 3223

2020-04-01 16:48:10 = WARNING - [01/Apr/2020 16:48:10] "POST /admin/documents/video/add/?_to_field=youtube_link&_popup=1 HTTP/1.1" 200 3268

2020-04-01 16:48:10 = WARNING - [01/Apr/2020 16:48:10] "GET /admin/jsi18n/ HTTP/1.1" 200 3223

2020-04-01 16:48:24 = WARNING - [01/Apr/2020 16:48:24] "POST /admin/documents/album/add/ HTTP/1.1" 200 7411

2020-04-01 16:48:24 = WARNING - [01/Apr/2020 16:48:24] "GET /admin/jsi18n/ HTTP/1.1" 200 3223

2020-04-01 16:48:27 = WARNING - [01/Apr/2020 16:48:27] "GET /admin/documents/media/add/?_to_field=id&_popup=1 HTTP/1.1" 200 8534

2020-04-01 16:48:27 = WARNING - [01/Apr/2020 16:48:27] "GET /admin/jsi18n/ HTTP/1.1" 200 3223

2020-04-01 16:48:32 = WARNING - [01/Apr/2020 16:48:32] "GET /admin/documents/album/add/?_to_field=date&_popup=1 HTTP/1.1" 200 6267

2020-04-01 16:48:32 = WARNING - [01/Apr/2020 16:48:32] "GET /admin/jsi18n/ HTTP/1.1" 200 3223

2020-04-01 16:48:49 = WARNING - [01/Apr/2020 16:48:49] "POST /admin/documents/media/add/?_to_field=id&_popup=1 HTTP/1.1" 200 8876

2020-04-01 16:48:49 = WARNING - [01/Apr/2020 16:48:49] "GET /admin/jsi18n/ HTTP/1.1" 200 3223

2020-04-01 16:50:06 = WARNING - [01/Apr/2020 16:50:06] "POST /admin/documents/media/add/?_to_field=id&_popup=1 HTTP/1.1" 200 8767

2020-04-01 16:50:07 = WARNING - [01/Apr/2020 16:50:07] "GET /admin/jsi18n/ HTTP/1.1" 200 3223

2020-04-01 16:50:14 = WARNING - [01/Apr/2020 16:50:14] "GET /admin/documents/video/add/?_to_field=youtube_link&_popup=1 HTTP/1.1" 200 3125

2020-04-01 16:50:14 = WARNING - [01/Apr/2020 16:50:14] "GET /admin/jsi18n/ HTTP/1.1" 200 3223

2020-04-01 16:50:17 = WARNING - [01/Apr/2020 16:50:17] "POST /admin/documents/video/add/?_to_field=youtube_link&_popup=1 HTTP/1.1" 200 366

2020-04-01 16:50:24 = WARNING - [01/Apr/2020 16:50:24] "POST /admin/documents/media/add/?_to_field=id&_popup=1 HTTP/1.1" 200 8738

2020-04-01 16:50:24 = WARNING - [01/Apr/2020 16:50:24] "GET /admin/jsi18n/ HTTP/1.1" 200 3223

2020-04-01 16:50:43 = WARNING - [01/Apr/2020 16:50:43] "GET /admin/documents/album/ HTTP/1.1" 200 3222

2020-04-01 16:50:44 = WARNING - [01/Apr/2020 16:50:44] "GET /admin/jsi18n/ HTTP/1.1" 200 3223

2020-04-01 16:50:45 = WARNING - [01/Apr/2020 16:50:45] "GET /admin/documents/ HTTP/1.1" 200 5135

2020-04-01 16:50:54 = WARNING - [01/Apr/2020 16:50:54] "GET /admin/documents/album/ HTTP/1.1" 200 3222

2020-04-01 16:50:54 = WARNING - [01/Apr/2020 16:50:54] "GET /admin/jsi18n/ HTTP/1.1" 200 3223

2020-04-01 16:50:56 = WARNING - [01/Apr/2020 16:50:56] "GET /admin/documents/ HTTP/1.1" 200 5135

2020-04-01 16:51:01 = WARNING - [01/Apr/2020 16:51:01] "GET /admin/documents/event/ HTTP/1.1" 200 4673

2020-04-01 16:51:01 = WARNING - [01/Apr/2020 16:51:01] "GET /admin/jsi18n/ HTTP/1.1" 200 3223

2020-04-01 16:51:04 = WARNING - [01/Apr/2020 16:51:04] "GET /admin/documents/ HTTP/1.1" 200 5135

2020-04-01 16:51:06 = WARNING - [01/Apr/2020 16:51:06] "GET /admin/documents/media/ HTTP/1.1" 200 3222

2020-04-01 16:51:06 = WARNING - [01/Apr/2020 16:51:06] "GET /admin/jsi18n/ HTTP/1.1" 200 3223

2020-04-01 16:51:08 = WARNING - [01/Apr/2020 16:51:08] "GET /admin/documents/ HTTP/1.1" 200 5135

2020-04-01 16:51:11 = WARNING - [01/Apr/2020 16:51:11] "GET /admin/documents/media/ HTTP/1.1" 200 3222

2020-04-01 16:51:11 = WARNING - [01/Apr/2020 16:51:11] "GET /admin/jsi18n/ HTTP/1.1" 200 3223

2020-04-01 16:51:13 = WARNING - [01/Apr/2020 16:51:13] "GET /admin/documents/media/add/ HTTP/1.1" 200 9529

2020-04-01 16:51:13 = WARNING - [01/Apr/2020 16:51:13] "GET /admin/jsi18n/ HTTP/1.1" 200 3223

2020-04-01 16:51:21 = WARNING - [01/Apr/2020 16:51:21] "GET /admin/documents/media/ HTTP/1.1" 200 3222

2020-04-01 16:51:22 = WARNING - [01/Apr/2020 16:51:22] "GET /admin/documents/ HTTP/1.1" 200 5135

2020-04-01 16:51:24 = WARNING - [01/Apr/2020 16:51:24] "GET /admin/documents/repo/ HTTP/1.1" 200 3215

2020-04-01 16:51:24 = WARNING - [01/Apr/2020 16:51:24] "GET /admin/jsi18n/ HTTP/1.1" 200 3223

2020-04-01 16:51:26 = WARNING - [01/Apr/2020 16:51:26] "GET /admin/documents/repo/add/ HTTP/1.1" 200 5908

2020-04-01 16:51:26 = WARNING - [01/Apr/2020 16:51:26] "GET /admin/jsi18n/ HTTP/1.1" 200 3223

2020-04-01 16:51:29 = WARNING - [01/Apr/2020 16:51:29] "GET /admin/documents/repo/ HTTP/1.1" 200 3215

2020-04-01 16:51:30 = WARNING - [01/Apr/2020 16:51:30] "GET /admin/documents/ HTTP/1.1" 200 5135

2020-04-01 16:51:32 = WARNING - [01/Apr/2020 16:51:32] "GET /admin/documents/subcategory/ HTTP/1.1" 200 3269

2020-04-01 16:51:32 = WARNING - [01/Apr/2020 16:51:32] "GET /admin/jsi18n/ HTTP/1.1" 200 3223

2020-04-01 16:51:34 = WARNING - [01/Apr/2020 16:51:34] "GET /admin/documents/ HTTP/1.1" 200 5135

2020-04-01 16:51:35 = WARNING - [01/Apr/2020 16:51:35] "GET /admin/documents/video/ HTTP/1.1" 200 4429

2020-04-01 16:51:35 = WARNING - [01/Apr/2020 16:51:35] "GET /admin/jsi18n/ HTTP/1.1" 200 3223

2020-04-01 16:51:37 = WARNING - [01/Apr/2020 16:51:37] "GET /admin/documents/ HTTP/1.1" 200 5135

2020-04-01 16:51:40 = WARNING - [01/Apr/2020 16:51:40] "GET /admin/documents/media/ HTTP/1.1" 200 3222

2020-04-01 16:51:40 = WARNING - [01/Apr/2020 16:51:40] "GET /admin/jsi18n/ HTTP/1.1" 200 3223

2020-04-01 16:51:43 = WARNING - [01/Apr/2020 16:51:43] "GET /admin/documents/ HTTP/1.1" 200 5135

2020-04-01 16:51:45 = WARNING - [01/Apr/2020 16:51:45] "GET /admin/documents/album/ HTTP/1.1" 200 3222

2020-04-01 16:51:45 = WARNING - [01/Apr/2020 16:51:45] "GET /admin/jsi18n/ HTTP/1.1" 200 3223

2020-04-01 16:51:46 = WARNING - [01/Apr/2020 16:51:46] "GET /admin/documents/ HTTP/1.1" 200 5135

2020-04-01 16:51:49 = WARNING - [01/Apr/2020 16:51:49] "GET /admin/documents/album/add/ HTTP/1.1" 200 7222

2020-04-01 16:51:49 = WARNING - [01/Apr/2020 16:51:49] "GET /admin/jsi18n/ HTTP/1.1" 200 3223

2020-04-01 16:51:59 = WARNING - [01/Apr/2020 16:51:59] "GET /admin/documents/media/add/?_to_field=id&_popup=1 HTTP/1.1" 200 8572

2020-04-01 16:51:59 = WARNING - [01/Apr/2020 16:51:59] "GET /admin/jsi18n/ HTTP/1.1" 200 3223

2020-04-01 16:52:06 = WARNING - [01/Apr/2020 16:52:06] "GET /admin/documents/album/add/?_to_field=date&_popup=1 HTTP/1.1" 200 6267

2020-04-01 16:52:06 = WARNING - [01/Apr/2020 16:52:06] "GET /admin/jsi18n/ HTTP/1.1" 200 3223

2020-04-01 16:54:52 = INFO - [csss/views.py index()] sfu_emails []
2020-04-01 16:54:52 = WARNING - [01/Apr/2020 16:54:52] "GET / HTTP/1.1" 200 12390

2020-04-01 16:54:52 = WARNING - [01/Apr/2020 16:54:52] "GET /STATIC_URL/csss_static/new_style.css HTTP/1.1" 304 0

2020-04-01 16:55:05 = WARNING - [01/Apr/2020 16:55:05] "GET /STATIC_URL/csss_static/sfu_hero_image.jpg HTTP/1.1" 200 606863

2020-04-01 16:58:28 = WARNING - [01/Apr/2020 16:58:28] "GET /admin/documents/ HTTP/1.1" 200 5135

2020-04-01 16:58:30 = WARNING - [01/Apr/2020 16:58:30] "GET /admin/documents/media/ HTTP/1.1" 200 3222

2020-04-01 16:58:30 = WARNING - [01/Apr/2020 16:58:30] "GET /admin/jsi18n/ HTTP/1.1" 200 3223

2020-04-01 16:58:31 = WARNING - [01/Apr/2020 16:58:31] "GET /admin/documents/media/add/ HTTP/1.1" 200 9529

2020-04-01 16:58:31 = WARNING - [01/Apr/2020 16:58:31] "GET /admin/jsi18n/ HTTP/1.1" 200 3223

2020-04-01 16:59:31 = WARNING - [01/Apr/2020 16:59:31] "POST /admin/documents/media/add/ HTTP/1.1" 200 9765

2020-04-01 16:59:31 = WARNING - [01/Apr/2020 16:59:31] "GET /admin/jsi18n/ HTTP/1.1" 200 3223

2020-04-01 17:01:26 = WARNING - /home/ryan/Desktop/SFU/CSSS_Site/csss-site/csss-site/src/documents/models.py changed, reloading.

